<?xml version="1.0" encoding="UTF-8"?>
<!-- Generated by org.testng.reporters.JUnitReportReporter -->
<testsuite hostname="DESKTOP-S74MCBE" failures="0" tests="1" name="test.readjsondata" time="10.145" errors="0" timestamp="2024-03-06T17:21:52 IST" skipped="0">
  <testcase classname="test.readjsondata" name="readjasondata" time="10.145"/>
</testsuite> <!-- test.readjsondata -->
