<?xml version="1.0" encoding="UTF-8"?>
<!-- Generated by org.testng.reporters.JUnitReportReporter -->
<testsuite hostname="DESKTOP-S74MCBE" failures="0" tests="3" name="test.NewTest" time="3.836" errors="0" timestamp="2024-03-06T18:43:59 IST" skipped="0">
  <testcase classname="test.NewTest" name="test2" time="0.102"/>
  <testcase classname="test.NewTest" name="test" time="0.453"/>
  <testcase classname="test.NewTest" name="post" time="3.281"/>
</testsuite> <!-- test.NewTest -->
